<?xml version="1.0" encoding="UTF-8"?>
<!-- Generated by org.testng.reporters.JUnitReportReporter -->
<testsuite hostname="DESKTOP-CQBT0OI" failures="0" tests="1" name="TestPolicyBazar.PB_TC_1020_ValidatePolicyBazarTest" time="0.065" errors="0" timestamp="2023-07-02T16:43:05 IST" skipped="0">
  <testcase classname="TestPolicyBazar.PB_TC_1020_ValidatePolicyBazarTest" name="f" time="0.065">
    <system-out>
      <![CDATA[TC execution started for TC f
 TCf Passed successfully]]>
    </system-out>
  </testcase> <!-- f -->
  <system-out>
    <![CDATA[TC execution started for TC f
 TCf Passed successfully]]>
  </system-out>
</testsuite> <!-- TestPolicyBazar.PB_TC_1020_ValidatePolicyBazarTest -->
