<?xml version="1.0" encoding="UTF-8"?>
<!-- Generated by org.testng.reporters.JUnitReportReporter -->
<testsuite hostname="DESKTOP-CQBT0OI" failures="0" tests="1" name="TestPolicyBazar.PB_TC_1020_ValidatePolicyBazar" time="43.703" errors="0" timestamp="2023-07-05T13:26:05 IST" skipped="0">
  <testcase classname="TestPolicyBazar.PB_TC_1020_ValidatePolicyBazar" name="validateUserName" time="43.703">
    <system-out>
      <![CDATA[waiting for 2000 milli sec
getting actual userName
waiting for 2000 milli sec
readind data UN from propertyFile
taking screenshot
screenShot location is ... C:\Users\Lenovo\eclipse-workspace\PolicyBazar\ScreenShotPolicy\Sanghshil Somkuwar PB_TC_1234.png]]>
    </system-out>
  </testcase> <!-- validateUserName -->
  <system-out>
    <![CDATA[waiting for 1000 milli sec
readind data url from propertyFile
Launching browser
waiting for 2000 milli sec
clicking on home page signInButton
waiting for 2000 milli sec
readind data mobNum from propertyFile
entering mobile number
waiting for 2000 milli sec
clicking on signInWithPassword
waiting for 2000 milli sec
readind data pwd from propertyFile
entring password
waiting for 2000 milli sec
clicking on signInButton
waiting for 2000 milli sec
clicking on myAccount Button
waiting for 2000 milli sec
clicking on myProfile Button
waiting for 5000 milli sec
switching to child page
waiting for 2000 milli sec
waiting for 2000 milli sec
getting actual userName
waiting for 2000 milli sec
readind data UN from propertyFile
taking screenshot
screenShot location is ... C:\Users\Lenovo\eclipse-workspace\PolicyBazar\ScreenShotPolicy\Sanghshil Somkuwar PB_TC_1234.png
logging out...
waiting for 1000 milli sec
Closing Browser]]>
  </system-out>
</testsuite> <!-- TestPolicyBazar.PB_TC_1020_ValidatePolicyBazar -->
